\BOOKMARK [1][-]{section.1}{\376\377\000I\000n\000t\000r\000o\000d\000u\000c\000t\000i\000o\000n}{}% 1
\BOOKMARK [1][-]{section.2}{\376\377\000R\000e\000l\000a\000t\000e\000d\000\040\000W\000o\000r\000k}{}% 2
\BOOKMARK [2][-]{subsection.2.1}{\376\377\000K\000n\000o\000w\000l\000e\000d\000g\000e\000\040\000R\000e\000p\000r\000e\000s\000e\000n\000t\000a\000t\000i\000o\000n\000\040\000i\000n\000\040\000L\000L\000M\000s}{section.2}% 3
\BOOKMARK [2][-]{subsection.2.2}{\376\377\000R\000e\000t\000r\000i\000e\000v\000a\000l\000-\000A\000u\000g\000m\000e\000n\000t\000e\000d\000\040\000G\000e\000n\000e\000r\000a\000t\000i\000o\000n\000\040\000\050\000R\000A\000G\000\051}{section.2}% 4
\BOOKMARK [2][-]{subsection.2.3}{\376\377\000H\000i\000e\000r\000a\000r\000c\000h\000i\000c\000a\000l\000\040\000S\000e\000a\000r\000c\000h\000\040\000a\000n\000d\000\040\000I\000n\000d\000e\000x\000i\000n\000g}{section.2}% 5
\BOOKMARK [1][-]{section.3}{\376\377\000S\000y\000s\000t\000e\000m\000\040\000A\000r\000c\000h\000i\000t\000e\000c\000t\000u\000r\000e}{}% 6
\BOOKMARK [2][-]{subsection.3.1}{\376\377\000O\000v\000e\000r\000v\000i\000e\000w}{section.3}% 7
\BOOKMARK [2][-]{subsection.3.2}{\376\377\000T\000r\000e\000e\000\040\000D\000a\000t\000a\000\040\000S\000t\000r\000u\000c\000t\000u\000r\000e}{section.3}% 8
\BOOKMARK [2][-]{subsection.3.3}{\376\377\000T\000i\000e\000r\000e\000d\000\040\000S\000t\000o\000r\000a\000g\000e}{section.3}% 9
\BOOKMARK [1][-]{section.4}{\376\377\000C\000o\000r\000e\000\040\000M\000e\000c\000h\000a\000n\000i\000s\000m\000s}{}% 10
\BOOKMARK [2][-]{subsection.4.1}{\376\377\000P\000e\000n\000e\000t\000r\000a\000t\000i\000o\000n\000:\000\040\000H\000i\000e\000r\000a\000r\000c\000h\000i\000c\000a\000l\000\040\000R\000e\000l\000e\000v\000a\000n\000c\000e\000\040\000P\000r\000o\000p\000a\000g\000a\000t\000i\000o\000n}{section.4}% 11
\BOOKMARK [2][-]{subsection.4.2}{\376\377\000S\000h\000o\000r\000t\000c\000u\000t\000:\000\040\000G\000l\000o\000b\000a\000l\000\040\000L\000e\000a\000f\000\040\000R\000e\000t\000r\000i\000e\000v\000a\000l}{section.4}% 12
\BOOKMARK [2][-]{subsection.4.3}{\376\377\000C\000r\000o\000s\000s\000-\000D\000o\000m\000a\000i\000n\000\040\000R\000e\000f\000e\000r\000e\000n\000c\000e\000s}{section.4}% 13
\BOOKMARK [2][-]{subsection.4.4}{\376\377\000R\000e\000a\000l\000-\000T\000i\000m\000e\000\040\000V\000e\000c\000t\000o\000r\000\040\000P\000o\000o\000l\000i\000n\000g}{section.4}% 14
\BOOKMARK [1][-]{section.5}{\376\377\000I\000m\000p\000l\000e\000m\000e\000n\000t\000a\000t\000i\000o\000n\000:\000\040\000v\0004\000\040\000P\000r\000o\000t\000o\000t\000y\000p\000e}{}% 15
\BOOKMARK [2][-]{subsection.5.1}{\376\377\000C\000u\000r\000r\000e\000n\000t\000\040\000I\000m\000p\000l\000e\000m\000e\000n\000t\000a\000t\000i\000o\000n}{section.5}% 16
\BOOKMARK [2][-]{subsection.5.2}{\376\377\000D\000o\000m\000a\000i\000n\000\040\000C\000o\000v\000e\000r\000a\000g\000e}{section.5}% 17
\BOOKMARK [2][-]{subsection.5.3}{\376\377\000E\000m\000p\000i\000r\000i\000c\000a\000l\000\040\000R\000e\000s\000u\000l\000t\000s}{section.5}% 18
\BOOKMARK [2][-]{subsection.5.4}{\376\377\000I\000n\000f\000e\000r\000e\000n\000c\000e\000\040\000L\000a\000y\000e\000r}{section.5}% 19
\BOOKMARK [1][-]{section.6}{\376\377\000S\000c\000a\000l\000a\000b\000i\000l\000i\000t\000y\000\040\000A\000n\000a\000l\000y\000s\000i\000s}{}% 20
\BOOKMARK [2][-]{subsection.6.1}{\376\377\000F\000u\000l\000l\000\040\000K\000n\000o\000w\000l\000e\000d\000g\000e\000\040\000S\000c\000a\000l\000e}{section.6}% 21
\BOOKMARK [2][-]{subsection.6.2}{\376\377\000C\000o\000n\000s\000t\000r\000u\000c\000t\000i\000o\000n\000\040\000C\000o\000s\000t}{section.6}% 22
\BOOKMARK [2][-]{subsection.6.3}{\376\377\000S\000t\000o\000r\000a\000g\000e\000\040\000C\000o\000s\000t\000\040\000w\000i\000t\000h\000\040\000T\000i\000e\000r\000i\000n\000g}{section.6}% 23
\BOOKMARK [2][-]{subsection.6.4}{\376\377\000Q\000u\000e\000r\000y\000\040\000P\000e\000r\000f\000o\000r\000m\000a\000n\000c\000e\000\040\000a\000t\000\040\000S\000c\000a\000l\000e}{section.6}% 24
\BOOKMARK [2][-]{subsection.6.5}{\376\377\000E\000q\000u\000i\000v\000a\000l\000e\000n\000t\000\040\000M\000o\000d\000e\000l\000\040\000S\000i\000z\000e}{section.6}% 25
\BOOKMARK [1][-]{section.7}{\376\377\000D\000i\000s\000c\000u\000s\000s\000i\000o\000n}{}% 26
\BOOKMARK [2][-]{subsection.7.1}{\376\377\000A\000d\000v\000a\000n\000t\000a\000g\000e\000s}{section.7}% 27
\BOOKMARK [2][-]{subsection.7.2}{\376\377\000L\000i\000m\000i\000t\000a\000t\000i\000o\000n\000s}{section.7}% 28
\BOOKMARK [2][-]{subsection.7.3}{\376\377\000F\000u\000t\000u\000r\000e\000\040\000W\000o\000r\000k}{section.7}% 29
\BOOKMARK [1][-]{section.8}{\376\377\000C\000o\000n\000c\000l\000u\000s\000i\000o\000n}{}% 30
